0 info it worked if it ends with ok
1 verbose cli [ '/home/ubuntu/.nvm/v0.10.35/bin/node',
1 verbose cli   '/home/ubuntu/.nvm/v0.10.35/bin/npm',
1 verbose cli   'install',
1 verbose cli   'moment' ]
2 info using npm@1.4.28
3 info using node@v0.10.35
4 warn package.json estudiar-las-rutas-en-expressjs-angel-nicolangelo-35l2-nodejs@1.0.0 No description
5 warn package.json estudiar-las-rutas-en-expressjs-angel-nicolangelo-35l2-nodejs@1.0.0 No README data
6 warn package.json node@0.0.0 No description
7 warn package.json node@0.0.0 No repository field.
8 warn package.json node@0.0.0 No README data
9 verbose readDependencies using package.json deps
10 verbose cache add [ 'moment', null ]
11 verbose cache add name=undefined spec="moment" args=["moment",null]
12 verbose parsed url { protocol: null,
12 verbose parsed url   slashes: null,
12 verbose parsed url   auth: null,
12 verbose parsed url   host: null,
12 verbose parsed url   port: null,
12 verbose parsed url   hostname: null,
12 verbose parsed url   hash: null,
12 verbose parsed url   search: null,
12 verbose parsed url   query: null,
12 verbose parsed url   pathname: 'moment',
12 verbose parsed url   path: 'moment',
12 verbose parsed url   href: 'moment' }
13 silly lockFile b56def36-moment moment
14 verbose lock moment /home/ubuntu/.npm/b56def36-moment.lock
15 silly lockFile b56def36-moment moment
16 silly lockFile b56def36-moment moment
17 verbose addNamed [ 'moment', '' ]
18 verbose addNamed [ null, '*' ]
19 silly lockFile 42aa250a-moment moment@
20 verbose lock moment@ /home/ubuntu/.npm/42aa250a-moment.lock
21 silly addNameRange { name: 'moment', range: '*', hasData: false }
22 verbose request where is /moment
23 verbose request registry https://registry.npmjs.org/
24 verbose request id d0fabdea422f1ab1
25 verbose url raw /moment
26 verbose url resolving [ 'https://registry.npmjs.org/', './moment' ]
27 verbose url resolved https://registry.npmjs.org/moment
28 verbose request where is https://registry.npmjs.org/moment
29 info trying registry request attempt 1 at 09:46:07
30 verbose etag W/"58b434ee-1a488"
31 http GET https://registry.npmjs.org/moment
32 http 200 https://registry.npmjs.org/moment
33 silly registry.get cb [ 200,
33 silly registry.get   { server: 'nginx/1.10.1',
33 silly registry.get     'content-type': 'application/json',
33 silly registry.get     'last-modified': 'Thu, 02 Mar 2017 04:57:19 GMT',
33 silly registry.get     etag: 'W/"58b7a62f-1a4a8"',
33 silly registry.get     'content-encoding': 'gzip',
33 silly registry.get     'cache-control': 'max-age=300',
33 silly registry.get     'content-length': '12003',
33 silly registry.get     'accept-ranges': 'bytes',
33 silly registry.get     date: 'Thu, 02 Mar 2017 09:46:07 GMT',
33 silly registry.get     via: '1.1 varnish',
33 silly registry.get     age: '52',
33 silly registry.get     connection: 'keep-alive',
33 silly registry.get     'x-served-by': 'cache-lcy1141-LCY',
33 silly registry.get     'x-cache': 'HIT',
33 silly registry.get     'x-cache-hits': '1',
33 silly registry.get     'x-timer': 'S1488447967.267725,VS0,VE0',
33 silly registry.get     vary: 'Accept-Encoding' } ]
34 silly addNameRange number 2 { name: 'moment', range: '*', hasData: true }
35 silly addNameRange versions [ 'moment',
35 silly addNameRange   [ '1.0.0',
35 silly addNameRange     '1.0.1',
35 silly addNameRange     '1.1.0',
35 silly addNameRange     '1.1.1',
35 silly addNameRange     '1.2.0',
35 silly addNameRange     '1.3.0',
35 silly addNameRange     '1.4.0',
35 silly addNameRange     '1.5.0',
35 silly addNameRange     '1.5.1',
35 silly addNameRange     '1.6.0',
35 silly addNameRange     '1.6.1',
35 silly addNameRange     '1.6.2',
35 silly addNameRange     '1.7.0',
35 silly addNameRange     '1.7.1',
35 silly addNameRange     '1.7.2',
35 silly addNameRange     '2.0.0',
35 silly addNameRange     '2.1.0',
35 silly addNameRange     '2.2.1',
35 silly addNameRange     '2.3.0',
35 silly addNameRange     '2.3.1',
35 silly addNameRange     '2.4.0',
35 silly addNameRange     '2.5.0',
35 silly addNameRange     '2.5.1',
35 silly addNameRange     '2.6.0',
35 silly addNameRange     '2.7.0',
35 silly addNameRange     '2.8.1',
35 silly addNameRange     '2.8.2',
35 silly addNameRange     '2.8.3',
35 silly addNameRange     '2.8.4',
35 silly addNameRange     '2.9.0',
35 silly addNameRange     '2.10.2',
35 silly addNameRange     '2.10.3',
35 silly addNameRange     '2.10.5',
35 silly addNameRange     '2.10.6',
35 silly addNameRange     '2.11.0',
35 silly addNameRange     '2.11.1',
35 silly addNameRange     '2.11.2',
35 silly addNameRange     '2.12.0',
35 silly addNameRange     '2.13.0',
35 silly addNameRange     '2.14.0',
35 silly addNameRange     '2.14.1',
35 silly addNameRange     '2.15.0',
35 silly addNameRange     '2.15.1',
35 silly addNameRange     '2.15.2',
35 silly addNameRange     '2.16.0',
35 silly addNameRange     '2.17.0',
35 silly addNameRange     '2.17.1' ] ]
36 verbose addNamed [ 'moment', '2.17.1' ]
37 verbose addNamed [ '2.17.1', '2.17.1' ]
38 silly lockFile c59bc5ca-moment-2-17-1 moment@2.17.1
39 verbose lock moment@2.17.1 /home/ubuntu/.npm/c59bc5ca-moment-2-17-1.lock
40 silly lockFile ea0e642e-mjs-org-moment-moment-2-17-1-tgz https://registry.npmjs.org/moment/-/moment-2.17.1.tgz
41 verbose lock https://registry.npmjs.org/moment/-/moment-2.17.1.tgz /home/ubuntu/.npm/ea0e642e-mjs-org-moment-moment-2-17-1-tgz.lock
42 verbose addRemoteTarball [ 'https://registry.npmjs.org/moment/-/moment-2.17.1.tgz',
42 verbose addRemoteTarball   'fed9506063f36b10f066c8b59a144d7faebe1d82' ]
43 info retry fetch attempt 1 at 09:46:07
44 verbose fetch to= /tmp/npm-3901-u4mOpGrB/registry.npmjs.org/moment/-/moment-2.17.1.tgz
45 http GET https://registry.npmjs.org/moment/-/moment-2.17.1.tgz
46 http 200 https://registry.npmjs.org/moment/-/moment-2.17.1.tgz
47 silly lockFile ea0e642e-mjs-org-moment-moment-2-17-1-tgz https://registry.npmjs.org/moment/-/moment-2.17.1.tgz
48 silly lockFile ea0e642e-mjs-org-moment-moment-2-17-1-tgz https://registry.npmjs.org/moment/-/moment-2.17.1.tgz
49 silly lockFile c59bc5ca-moment-2-17-1 moment@2.17.1
50 silly lockFile c59bc5ca-moment-2-17-1 moment@2.17.1
51 silly lockFile 42aa250a-moment moment@
52 silly lockFile 42aa250a-moment moment@
53 error Error: EACCES, mkdir '/home/ubuntu/.npm/moment/2.17.1'
53 error  { [Error: EACCES, mkdir '/home/ubuntu/.npm/moment/2.17.1']
53 error   errno: 3,
53 error   code: 'EACCES',
53 error   path: '/home/ubuntu/.npm/moment/2.17.1',
53 error   parent: 'estudiar-las-rutas-en-expressjs-angel-nicolangelo-35l2-nodejs' }
54 error Please try running this command again as root/Administrator.
55 error System Linux 4.8.8-c9
56 error command "/home/ubuntu/.nvm/v0.10.35/bin/node" "/home/ubuntu/.nvm/v0.10.35/bin/npm" "install" "moment"
57 error cwd /home/ubuntu/workspace/dsi/practica3/estudiar-las-rutas-en-expressjs-angel-nicolangelo-35l2-nodejs/src
58 error node -v v0.10.35
59 error npm -v 1.4.28
60 error path /home/ubuntu/.npm/moment/2.17.1
61 error code EACCES
62 error errno 3
63 error stack Error: EACCES, mkdir '/home/ubuntu/.npm/moment/2.17.1'
64 verbose exit [ 3, true ]
